{
  "RSpec": {
    "coverage": {
      "/Users/morokoshidaiki/projects/freemarket_sample_62a/spec/models/address_spec.rb": [
        1,
        null,
        1,
        1,
        null
      ],
      "/Users/morokoshidaiki/projects/freemarket_sample_62a/spec/rails_helper.rb": [
        null,
        1,
        1,
        null,
        1,
        null,
        null,
        1,
        1,
        null,
        null,
        null,
        null,
        null,
        null,
        null,
        null,
        null,
        null,
        null,
        null,
        null,
        null,
        null,
        null,
        null,
        null,
        null,
        1,
        1,
        null,
        0,
        0,
        null,
        1,
        null,
        1,
        null,
        null,
        null,
        null,
        1,
        null,
        null,
        null,
        null,
        null,
        null,
        null,
        null,
        null,
        null,
        null,
        null,
        null,
        null,
        1,
        null,
        null,
        1,
        null,
        null,
        null,
        null,
        1,
        null,
        null,
        2,
        1,
        1,
        null,
        null
      ],
      "/Users/morokoshidaiki/projects/freemarket_sample_62a/config/environment.rb": [
        null,
        1,
        null,
        null,
        1
      ],
      "/Users/morokoshidaiki/projects/freemarket_sample_62a/config/application.rb": [
        1,
        null,
        1,
        null,
        null,
        null,
        1,
        null,
        1,
        1,
        null,
        1,
        null,
        null,
        null,
        null,
        null,
        null,
        null,
        1,
        1,
        1,
        1,
        1,
        null,
        null,
        null,
        null,
        1,
        1,
        null,
        null,
        1,
        1,
        0,
        null,
        null,
        null
      ],
      "/Users/morokoshidaiki/projects/freemarket_sample_62a/config/boot.rb": [
        1,
        null,
        1,
        1
      ],
      "/Users/morokoshidaiki/projects/freemarket_sample_62a/config/spring.rb": [
        null,
        null,
        null,
        null,
        null,
        5
      ],
      "/Users/morokoshidaiki/projects/freemarket_sample_62a/config/environments/development.rb": [
        1,
        null,
        null,
        null,
        null,
        null,
        1,
        null,
        null,
        1,
        null,
        null,
        1,
        null,
        null,
        null,
        1,
        0,
        null,
        0,
        0,
        null,
        null,
        null,
        1,
        null,
        1,
        null,
        null,
        null,
        1,
        null,
        null,
        1,
        null,
        1,
        null,
        null,
        1,
        null,
        null,
        1,
        null,
        null,
        1,
        null,
        null,
        null,
        null,
        1,
        null,
        null,
        1,
        null,
        null,
        null,
        null,
        null,
        null,
        1,
        null
      ],
      "/Users/morokoshidaiki/projects/freemarket_sample_62a/config/initializers/application_controller_renderer.rb": [
        null,
        null,
        null,
        null,
        null,
        null,
        null,
        null,
        null
      ],
      "/Users/morokoshidaiki/projects/freemarket_sample_62a/config/initializers/assets.rb": [
        null,
        null,
        null,
        1,
        null,
        null,
        null,
        null,
        1,
        null,
        null,
        null,
        null,
        null
      ],
      "/Users/morokoshidaiki/projects/freemarket_sample_62a/config/initializers/backtrace_silencers.rb": [
        null,
        null,
        null,
        null,
        null,
        null,
        null
      ],
      "/Users/morokoshidaiki/projects/freemarket_sample_62a/config/initializers/carrierwave.rb": [
        1,
        1,
        1,
        null,
        1,
        null,
        1,
        0,
        0,
        null,
        0,
        null,
        null,
        null,
        null,
        null,
        null,
        null,
        0,
        0,
        null,
        null,
        1,
        1,
        null,
        null,
        null
      ],
      "/Users/morokoshidaiki/projects/freemarket_sample_62a/config/initializers/content_security_policy.rb": [
        null,
        null,
        null,
        null,
        null,
        null,
        null,
        null,
        null,
        null,
        null,
        null,
        null,
        null,
        null,
        null,
        null,
        null,
        null,
        null,
        null,
        null,
        null,
        null,
        null
      ],
      "/Users/morokoshidaiki/projects/freemarket_sample_62a/config/initializers/cookies_serializer.rb": [
        null,
        null,
        null,
        null,
        1
      ],
      "/Users/morokoshidaiki/projects/freemarket_sample_62a/config/initializers/devise.rb": [
        null,
        null,
        null,
        null,
        1,
        null,
        null,
        null,
        null,
        null,
        null,
        null,
        null,
        null,
        null,
        null,
        null,
        null,
        null,
        null,
        1,
        null,
        null,
        null,
        null,
        null,
        null,
        null,
        null,
        null,
        null,
        null,
        1,
        null,
        null,
        null,
        null,
        null,
        null,
        null,
        null,
        null,
        null,
        null,
        null,
        null,
        null,
        null,
        null,
        null,
        null,
        null,
        null,
        null,
        1,
        null,
        null,
        null,
        null,
        1,
        null,
        null,
        null,
        null,
        null,
        null,
        null,
        null,
        null,
        null,
        null,
        null,
        null,
        null,
        null,
        null,
        null,
        null,
        null,
        null,
        null,
        null,
        null,
        null,
        null,
        null,
        null,
        null,
        null,
        null,
        1,
        null,
        null,
        null,
        null,
        null,
        null,
        null,
        null,
        null,
        null,
        null,
        null,
        null,
        null,
        null,
        null,
        null,
        null,
        null,
        null,
        null,
        null,
        1,
        null,
        null,
        null,
        null,
        null,
        null,
        null,
        null,
        null,
        null,
        null,
        null,
        null,
        null,
        null,
        null,
        null,
        null,
        null,
        null,
        null,
        null,
        null,
        null,
        null,
        null,
        null,
        null,
        null,
        null,
        null,
        null,
        null,
        1,
        null,
        null,
        null,
        null,
        null,
        null,
        null,
        null,
        null,
        1,
        null,
        null,
        null,
        null,
        null,
        null,
        null,
        null,
        null,
        null,
        1,
        null,
        null,
        null,
        null,
        1,
        null,
        null,
        null,
        null,
        null,
        null,
        null,
        null,
        null,
        null,
        null,
        null,
        null,
        null,
        null,
        null,
        null,
        null,
        null,
        null,
        null,
        null,
        null,
        null,
        null,
        null,
        null,
        null,
        null,
        null,
        null,
        null,
        null,
        null,
        null,
        null,
        null,
        null,
        null,
        null,
        1,
        null,
        null,
        null,
        null,
        null,
        null,
        null,
        null,
        null,
        null,
        null,
        null,
        null,
        null,
        null,
        null,
        null,
        null,
        null,
        null,
        null,
        null,
        null,
        null,
        null,
        null,
        null,
        null,
        null,
        null,
        null,
        null,
        null,
        null,
        null,
        null,
        null,
        null,
        null,
        null,
        null,
        1,
        null,
        null,
        null,
        null,
        null,
        null,
        null,
        null,
        null,
        null,
        null,
        null,
        null,
        null,
        null,
        null,
        null,
        null,
        null,
        null,
        null,
        null,
        null,
        null,
        null,
        null,
        null,
        null,
        null,
        null,
        null,
        null,
        null,
        null,
        null,
        null,
        null,
        null,
        null,
        null,
        null,
        null,
        1,
        1,
        null,
        null
      ],
      "/Users/morokoshidaiki/projects/freemarket_sample_62a/config/initializers/filter_parameter_logging.rb": [
        null,
        null,
        null,
        1
      ],
      "/Users/morokoshidaiki/projects/freemarket_sample_62a/config/initializers/inflections.rb": [
        null,
        null,
        null,
        null,
        null,
        null,
        null,
        null,
        null,
        null,
        null,
        null,
        null,
        null,
        null,
        null
      ],
      "/Users/morokoshidaiki/projects/freemarket_sample_62a/config/initializers/mime_types.rb": [
        null,
        null,
        null,
        null
      ],
      "/Users/morokoshidaiki/projects/freemarket_sample_62a/config/initializers/omniauth.rb": [
        1,
        1,
        null
      ],
      "/Users/morokoshidaiki/projects/freemarket_sample_62a/config/initializers/recaptcha.rb": [
        1,
        1,
        1,
        null
      ],
      "/Users/morokoshidaiki/projects/freemarket_sample_62a/config/initializers/wrap_parameters.rb": [
        null,
        null,
        null,
        null,
        null,
        null,
        1,
        2,
        null,
        null,
        null,
        null,
        null,
        null
      ],
      "/Users/morokoshidaiki/projects/freemarket_sample_62a/spec/factories/addresses.rb": [
        1,
        1,
        null,
        null,
        null
      ],
      "/Users/morokoshidaiki/projects/freemarket_sample_62a/spec/factories/categories.rb": [
        1,
        1,
        1,
        1,
        1,
        0,
        null,
        null,
        null
      ],
      "/Users/morokoshidaiki/projects/freemarket_sample_62a/spec/factories/items.rb": [
        1,
        1,
        1,
        null,
        1,
        1,
        1,
        1,
        1,
        1,
        1,
        1,
        1,
        null,
        null
      ],
      "/Users/morokoshidaiki/projects/freemarket_sample_62a/spec/factories/users.rb": [
        1,
        1,
        1,
        1,
        1,
        1,
        1,
        1,
        1,
        1,
        1,
        1,
        1,
        null,
        null
      ],
      "/Users/morokoshidaiki/projects/freemarket_sample_62a/config/routes.rb": [
        1,
        null,
        1,
        null,
        1,
        1,
        1,
        null,
        null,
        null,
        null,
        null,
        null,
        null,
        1,
        1,
        1,
        1,
        1,
        1,
        null,
        null,
        null,
        1,
        1,
        1,
        1,
        1,
        0,
        null,
        1,
        1,
        1,
        null,
        null,
        null,
        1,
        1,
        1,
        1,
        null,
        null,
        null,
        1,
        1,
        1,
        1,
        1,
        null,
        1,
        null,
        null,
        1,
        1,
        1,
        1,
        null,
        null,
        null,
        1,
        1,
        null,
        null,
        null,
        null
      ],
      "/Users/morokoshidaiki/projects/freemarket_sample_62a/app/models/user.rb": [
        1,
        1,
        null,
        null,
        null,
        1,
        null,
        null,
        null,
        null,
        1,
        1,
        1,
        1,
        null,
        1,
        1,
        null,
        1,
        1,
        null,
        1,
        1,
        1,
        1,
        null,
        1,
        null,
        null,
        1,
        1,
        1,
        1,
        1,
        1,
        1,
        1,
        1,
        1,
        1,
        null,
        null,
        null,
        null,
        1,
        0,
        null,
        0,
        0,
        null,
        null,
        null,
        null,
        null,
        null,
        null,
        0,
        null,
        null,
        1,
        1,
        1,
        null,
        1,
        1,
        null,
        1,
        1,
        null,
        1,
        1,
        1,
        null,
        1,
        null,
        1,
        0,
        0,
        0,
        null,
        null,
        null,
        null,
        null,
        null
      ],
      "/Users/morokoshidaiki/projects/freemarket_sample_62a/app/models/application_record.rb": [
        1,
        1,
        null
      ],
      "/Users/morokoshidaiki/projects/freemarket_sample_62a/app/models/prefecture.rb": [
        1,
        null,
        1,
        null,
        null,
        null,
        null,
        null,
        null,
        null,
        null,
        null,
        null,
        null,
        null,
        null,
        null,
        null,
        null,
        null,
        null,
        null
      ],
      "/Users/morokoshidaiki/projects/freemarket_sample_62a/app/helpers/application_helper.rb": [
        1,
        null
      ],
      "/Users/morokoshidaiki/projects/freemarket_sample_62a/app/helpers/items_helper.rb": [
        1,
        null,
        1,
        null,
        null,
        1,
        0,
        null,
        null,
        null,
        1,
        0,
        null,
        null,
        null,
        1,
        0,
        null,
        null
      ],
      "/Users/morokoshidaiki/projects/freemarket_sample_62a/app/helpers/mypages_helper.rb": [
        1,
        null
      ],
      "/Users/morokoshidaiki/projects/freemarket_sample_62a/spec/support/controller_macros.rb": [
        1,
        1,
        0,
        0,
        null,
        null
      ],
      "/Users/morokoshidaiki/projects/freemarket_sample_62a/app/models/address.rb": [
        1,
        1,
        1,
        null,
        1,
        null,
        null,
        null,
        null
      ]
    },
    "timestamp": 1575463701
  }
}
